<?xml version="1.0" encoding="UTF-8"?>
<!-- Generated by org.testng.reporters.JUnitReportReporter -->
<testsuite hostname="DESKTOP-AFL99BT" name="TestNGLearn" tests="3" failures="0" timestamp="13 Apr 2018 07:27:16 GMT" time="0.018" errors="0">
  <testcase name="two" time="0.009" classname="TestNGLearn"/>
  <testcase name="three" time="0.004" classname="TestNGLearn"/>
  <testcase name="one" time="0.005" classname="TestNGLearn"/>
</testsuite> <!-- TestNGLearn -->
