<?xml version="1.0" encoding="UTF-8"?>
<!-- Generated by org.testng.reporters.JUnitReportReporter -->
<testsuite hostname="DESKTOP-AFL99BT" name="Test1.Anno" tests="3" failures="0" timestamp="15 Jun 2018 05:24:33 GMT" time="0.014" errors="0">
  <testcase name="d" time="0.010" classname="Test1.Anno"/>
  <testcase name="show" time="0.003" classname="Test1.Anno"/>
  <testcase name="show" time="0.001" classname="Test1.Anno"/>
</testsuite> <!-- Test1.Anno -->
